2019-10-22 14:53:59 [main] INFO :: Desired capabilities are successfully loaded
2019-10-22 14:54:09 [main] INFO :: LoginPage: Entered username
2019-10-22 14:54:16 [main] INFO :: LoginPage: Entered password
2019-10-22 14:54:18 [main] INFO :: LoginPage: clicked on login
2019-10-22 14:54:38 [main] INFO :: HomePage: Clicked on near me
2019-10-22 14:55:19 [main] INFO :: NearMePageTest: Verified near me
2019-10-22 14:55:20 [main] INFO :: NearMePage: clicked on shops
2019-10-22 14:55:30 [main] INFO :: NearMePageTest: Tapped on the pin is verified
2019-10-22 14:55:32 [main] INFO :: NearMePage: clicked on google store navigation
2019-10-22 14:55:36 [main] INFO :: NearMePageTest: Verified google navigation
2019-10-22 14:55:54 [main] INFO :: Desired capabilities are successfully loaded
2019-10-22 14:56:03 [main] INFO :: LoginPage: Entered username
2019-10-22 14:56:10 [main] INFO :: LoginPage: Entered password
2019-10-22 14:56:12 [main] INFO :: LoginPage: clicked on login
2019-10-22 14:56:33 [main] INFO :: HomePage: Clicked on more options
2019-10-22 14:56:33 [main] INFO :: MoreOptionPageTest: clicked on more option
2019-10-22 14:56:34 [main] INFO :: MoreOptionPageTest: option is getting displayed
2019-10-22 14:56:52 [main] INFO :: Desired capabilities are successfully loaded
2019-10-22 14:57:01 [main] INFO :: LoginPage: Entered username
2019-10-22 14:57:08 [main] INFO :: LoginPage: Entered password
2019-10-22 14:57:10 [main] INFO :: LoginPage: clicked on login
2019-10-22 14:57:30 [main] INFO :: HomePage: Clicked on more options
2019-10-22 14:57:31 [main] INFO :: MoreOptionPage: clicked notification
2019-10-22 14:57:38 [main] INFO :: NotificationsPage: clicked on missing store
2019-10-22 14:57:50 [main] INFO :: MissingStorePage: Shop name is added
2019-10-22 14:57:57 [main] INFO :: MissingStorePage: streetname is added
2019-10-22 14:58:06 [main] INFO :: MissingStorePage: city name is added
2019-10-22 14:58:12 [main] INFO :: MissingStorePage: clicked on outlet type dropdown
2019-10-22 14:58:34 [main] INFO :: Desired capabilities are successfully loaded
2019-10-22 14:58:45 [main] INFO :: LoginPage: Entered username
2019-10-22 14:58:52 [main] INFO :: LoginPage: Entered password
2019-10-22 14:58:54 [main] INFO :: LoginPage: clicked on login
2019-10-22 14:59:14 [main] INFO :: HomePage: Clicked on Google search address bar
2019-10-22 14:59:22 [main] INFO :: HomePage: Entered google search value
2019-10-22 14:59:23 [main] INFO :: HomePage: Selected suggestion from google search list
2019-10-22 14:59:44 [main] INFO :: NearMePage: clicked on shops
2019-10-22 14:59:54 [main] INFO :: NearMePage: clicked on short info
2019-10-22 15:00:19 [main] INFO :: OwnDataPage: entered store priority value
2019-10-22 15:00:22 [main] INFO :: OwnDataPage: Selected order online yes
2019-10-22 15:00:39 [main] INFO :: OwnDataPage: entered month and date
2019-10-22 15:00:43 [main] INFO :: OwnDataPage: Saved own data
2019-10-22 15:00:48 [main] INFO :: OwnDataPageTest: Verified own data
2019-10-22 15:01:07 [main] INFO :: Desired capabilities are successfully loaded
2019-10-22 15:01:26 [main] INFO :: LoginPage: Entered username
2019-10-22 15:01:34 [main] INFO :: LoginPage: Entered password
2019-10-22 15:01:36 [main] INFO :: LoginPage: clicked on login
2019-10-22 15:01:56 [main] INFO :: HomePage: Clicked on Google search address bar
2019-10-22 15:02:04 [main] INFO :: HomePage: Entered google search value
2019-10-22 15:02:06 [main] INFO :: HomePage: Selected suggestion from google search list
2019-10-22 15:02:32 [main] INFO :: HomePage: Clicked on more options
2019-10-22 15:02:33 [main] INFO :: MoreOptionPage: clicked on result list
2019-10-22 15:03:01 [main] INFO :: HomePage: Clicked on more options
2019-10-22 15:03:02 [main] INFO :: MoreOptionPage: clicked on offline data
2019-10-22 15:03:04 [main] INFO :: OfflineDataPageTest: Verified offline data
2019-10-22 15:03:25 [main] INFO :: Desired capabilities are successfully loaded
2019-10-22 15:03:36 [main] INFO :: LoginPage: Entered username
2019-10-22 15:03:43 [main] INFO :: LoginPage: Entered password
2019-10-22 15:03:45 [main] INFO :: LoginPage: clicked on login
2019-10-22 15:04:05 [main] INFO :: HomePage: Clicked on more options
2019-10-22 15:04:06 [main] INFO :: MoreOptionPage: clicked notification
2019-10-22 15:04:12 [main] INFO :: NotificationsPageTest: Verified history by user page is getting displayed
2019-10-22 15:04:12 [main] INFO :: NotificationsPage: clicked on missing store
2019-10-22 15:04:18 [main] INFO :: NotificationsPageTest: Missing store notification page is gettng displayed
